  MainCode.cpp
C:\Users\jakeb\Downloads\CS330Mod2\CS330Content\Utilities\linmath.h(64,1): warning C4244: 'initializing': conversion from 'double' to 'float', possible loss of data
  (compiling source file 'Source/MainCode.cpp')
  
C:\Users\jakeb\Downloads\CS330Mod2\CS330Content\Utilities\linmath.h(65,1): warning C4244: 'initializing': conversion from 'double' to 'float', possible loss of data
  (compiling source file 'Source/MainCode.cpp')
  
C:\Users\jakeb\Downloads\CS330Mod2\CS330Content\Utilities\linmath.h(66,1): warning C4244: 'initializing': conversion from 'double' to 'float', possible loss of data
  (compiling source file 'Source/MainCode.cpp')
  
C:\Users\jakeb\Downloads\CS330Mod2\CS330Content\Utilities\linmath.h(344,17): warning C4244: '=': conversion from 'double' to 'float', possible loss of data
  (compiling source file 'Source/MainCode.cpp')
  
C:\Users\jakeb\Downloads\CS330Mod2\CS330Content\Utilities\linmath.h(597,18): warning C4244: 'argument': conversion from 'double' to 'float', possible loss of data
  (compiling source file 'Source/MainCode.cpp')
  
C:\Users\jakeb\Downloads\CS330Mod2\CS330Content\Utilities\linmath.h(604,18): warning C4244: 'argument': conversion from 'double' to 'float', possible loss of data
  (compiling source file 'Source/MainCode.cpp')
  
C:\Program Files (x86)\Windows Kits\10\Include\10.0.22621.0\shared\minwindef.h(130,1): warning C4005: 'APIENTRY': macro redefinition
  (compiling source file 'Source/MainCode.cpp')
  C:\Users\jakeb\Downloads\CS330Mod2\CS330Content\Libraries\GLFW\include\GLFW\glfw3.h(123,1):
  see previous definition of 'APIENTRY'
  
C:\Users\jakeb\Downloads\CS330Mod2\CS330Content\Projects\8-2_Assignment\Source\MainCode.cpp(108,13): warning C4244: '=': conversion from 'double' to 'float', possible loss of data
C:\Users\jakeb\Downloads\CS330Mod2\CS330Content\Projects\8-2_Assignment\Source\MainCode.cpp(109,13): warning C4244: '=': conversion from 'double' to 'float', possible loss of data
C:\Users\jakeb\Downloads\CS330Mod2\CS330Content\Projects\8-2_Assignment\Source\MainCode.cpp(110,18): warning C4244: '=': conversion from 'double' to 'float', possible loss of data
C:\Users\jakeb\Downloads\CS330Mod2\CS330Content\Projects\8-2_Assignment\Source\MainCode.cpp(191,15): warning C4244: 'argument': conversion from 'time_t' to 'unsigned int', possible loss of data
C:\Users\jakeb\Downloads\CS330Mod2\CS330Content\Projects\8-2_Assignment\Source\MainCode.cpp(207,41): warning C4305: 'argument': truncation from 'double' to 'float'
C:\Users\jakeb\Downloads\CS330Mod2\CS330Content\Projects\8-2_Assignment\Source\MainCode.cpp(207,35): warning C4305: 'argument': truncation from 'double' to 'float'
C:\Users\jakeb\Downloads\CS330Mod2\CS330Content\Projects\8-2_Assignment\Source\MainCode.cpp(208,44): warning C4305: 'argument': truncation from 'double' to 'float'
C:\Users\jakeb\Downloads\CS330Mod2\CS330Content\Projects\8-2_Assignment\Source\MainCode.cpp(208,38): warning C4305: 'argument': truncation from 'double' to 'float'
C:\Users\jakeb\Downloads\CS330Mod2\CS330Content\Projects\8-2_Assignment\Source\MainCode.cpp(257,53): warning C4244: 'argument': conversion from 'double' to 'float', possible loss of data
C:\Users\jakeb\Downloads\CS330Mod2\CS330Content\Projects\8-2_Assignment\Source\MainCode.cpp(257,50): warning C4244: 'argument': conversion from 'double' to 'float', possible loss of data
C:\Users\jakeb\Downloads\CS330Mod2\CS330Content\Projects\8-2_Assignment\Source\MainCode.cpp(257,47): warning C4244: 'argument': conversion from 'double' to 'float', possible loss of data
C:\Users\jakeb\Downloads\CS330Mod2\CS330Content\Projects\8-2_Assignment\Source\MainCode.cpp(257,41): warning C4305: 'argument': truncation from 'double' to 'float'
  8-2_Assignment.vcxproj -> C:\Users\jakeb\Downloads\CS330Mod2\CS330Content\Projects\8-2_Assignment\Debug\8-2_Assignment.exe
